[ INFO ]	Bootstrap OK!
Multiboot mmap size is: 144/24 = 6 entries
|BASE              |LENGTH            |	SIZE	|TYPE
-----------------------------------------------------------------
|0x0000000000000000|0x000000000009FC00|	20	|(1)Available
|0x000000000009FC00|0x0000000000000400|	20	|(2)Reserved
|0x00000000000F0000|0x0000000000010000|	20	|(2)Reserved
|0x0000000000100000|0x0000000007EE0000|	20	|(1)Available
|0x0000000007FE0000|0x0000000000020000|	20	|(2)Reserved
|0x00000000FFFC0000|0x0000000000040000|	20	|(2)Reserved
		Recognized memory: low=639(KB)    high=129920(KB)
[ INFO ]	GDT Loaded
[ INFO ]	IRQ is set
[ INFO ]	IDT Loaded
[ INFO ]	Page Fault handler set
[ WARN ]	Freeing physical page 0 is not possible
[ INFO ]	Heap allocated
Heap address: 0010B000
Heap 1st block:
	base: 0010B020
	length: 4064
[ WARN ]	Trying to allocate 0-sized block
Error allocating
reserved with malloc at 0x0010B008 with:
base:0x0010B020 length:0x00000002
reserved with malloc at 0x0010B278 with:
base:0x0010B290 length:0x00000004
reserved with malloc at 0x0010B518 with:
base:0x0010B530 length:0x00000006
reserved with malloc at 0x0010B7E8 with:
base:0x0010B800 length:0x00000008
[ ERR  ]	kfree cannot find chunk to be freed!
kfree thrown error freeing chunk at 0x00000000
base: 00010B020 found+block: 0x0010B248|| found: 00010B008 size: 00000018h
freed with kfree chunk at 0x0010B020
base: 00010B290 found+block: 0x0010B4B8|| found: 00010B278 size: 00000018h
freed with kfree chunk at 0x0010B290
base: 00010B530 found+block: 0x0010B758|| found: 00010B518 size: 00000018h
freed with kfree chunk at 0x0010B530
base: 00010B800 found+block: 0x0010BA28|| found: 00010B7E8 size: 00000018h
freed with kfree chunk at 0x0010B800
Registered new process((null)) with EIP: 0010B710 and stack: 00105000
Registered new process((null)) with EIP: 0010D570 and stack: 00105000
Registered new process((null)) with EIP: 0010F3D0 and stack: 00105000
picking
Proceso A dice: hola Mundo
Proceso A dice: hola Mundo
Proceso A dice: hola Mundo
Proceso A dice: hola Mundo
Proceso A dice: hola Mundo
Proceso A dice: hola Mundo
Proceso A dice: hola Mundo
Proceso A dice: hola Mundo
Proceso A dice: hola Mundo
Proceso A dice: hola Mundo
Proceso A dice: hola Mundo
Proceso A dice: hola Mundo
Proceso A dice: hola Mundo
Proceso A dice: hola Mundo
Proceso A dice: hola Mundo
Proceso A dice: hola Mundo
Proceso A dice: hola Mundo
Proceso A dice: hola Mundo
Proceso A dice: hola Mundo
Proceso A dice: hola Mundo
Proceso A dice: hola Mundo
Proceso A dice: hola Mundo
Proceso A dice: hola Mundo
Proceso A dice: hola Mundo
Proceso A dice: hola Mundo
Proceso A dice: hola Mundo
Proceso A dice: hola Mundo
Proceso A dice: hola Mundo
Proceso A dice: hola Mundo
Proceso A dice: hola Mundo
Proceso A dice: hola Mundo
Proceso A dice: hola Mundo
Proceso A dice: hola Mundo
Proceso A dice: hola Mundo
Proceso A dice: hola Mundo
Proceso A dice: hola Mundo
Proceso A dice: hola Mundo
picking
Copying 0010B674 to 0010B710 
Proceso B dice: hola Mundo
Proceso B dice: hola Mundo
Proceso B dice: hola Mundo
Proceso B dice: hola Mundo
Proceso B dice: hola Mundo
Proceso B dice: hola Mundo
Proceso B dice: hola Mundo
Proceso B dice: hola Mundo
Proceso B dice: hola Mundo
Proceso B dice: hola Mundo
Proceso B dice: hola Mundo
Proceso B dice: hola Mundo
Proceso B dice: hola Mundo
Proceso B dice: hola Mundo
Proceso B dice: hola Mundo
Proceso B dice: hola Mundo
Proceso B dice: hola Mundo
Proceso B dice: hola Mundo
Proceso B dice: hola Mundo
Proceso B dice: hola Mundo
Proceso B dice: hola Mundo
Proceso B dice: hola Mundo
Proceso B dice: hola Mundo
Proceso B dice: hola Mundo
Proceso B dice: hola Mundo
Proceso B dice: hola Mundo
Proceso B dice: hola Mundo
Proceso B dice: hola Mundo
Proceso B dice: hola Mundo
Proceso B dice: hola Mundo
Proceso B dice: hola Mundo
Proceso B dice: hola Mundo
Proceso B dice: hola Mundo
Proceso B dice: hola Mundo
Proceso B dice: hola Mundo
Proceso B dice: hola Mundo
Proceso B dice: hola Mundo
picking
Copying 0010D4D4 to 0010D570 
Proceso C dice: hola Mundo
Proceso C dice: hola Mundo
Proceso C dice: hola Mundo
Proceso C dice: hola Mundo
Proceso C dice: hola Mundo
Proceso C dice: hola Mundo
Proceso C dice: hola Mundo
Proceso C dice: hola Mundo
Proceso C dice: hola Mundo
Proceso C dice: hola Mundo
Proceso C dice: hola Mundo
Proceso C dice: hola Mundo
Proceso C dice: hola Mundo
Proceso C dice: hola Mundo
Proceso C dice: hola Mundo
Proceso C dice: hola Mundo
Proceso C dice: hola Mundo
Proceso C dice: hola Mundo
Proceso C dice: hola Mundo
Proceso C dice: hola Mundo
Proceso C dice: hola Mundo
Proceso C dice: hola Mundo
Proceso C dice: hola Mundo
Proceso C dice: hola Mundo
Proceso C dice: hola Mundo
Proceso C dice: hola Mundo
Proceso C dice: hola Mundo
Proceso C dice: hola Mundo
Proceso C dice: hola Mundo
Proceso C dice: hola Mundo
Prpicking
Copying 0010F354 to 0010F3D0 
Proceso A dice: hola Mundo
Proceso A dice: hola Mundo
Proceso A dice: hola Mundo
Proceso A dice: hola Mundo
Proceso A dice: hola Mundo
Proceso A dice: hola Mundo
Proceso A dice: hola Mundo
Proceso A dice: hola Mundo
Proceso A dice: hola Mundo
Proceso A dice: hola Mundo
Proceso A dice: hola Mundo
Proceso A dice: hola Mundo
Proceso A dice: hola Mundo
Proceso A dice: hola Mundo
Proceso A dice: hola Mundo
Proceso A dice: hola Mundo
Proceso A dice: hola Mundo
Proceso A dice: hola Mundo
Proceso A dice: hola Mundo
Proceso A dice: hola Mundo
Proceso A dice: hola Mundo
Proceso A dice: hola Mundo
Proceso A dice: hola Mundo
Proceso A dice: hola Mundo
Proceso A dice: hola Mundo
Proceso A dice: hola Mundo
Proceso A dice: hola Mundo
Proceso A dice: hola Mundo
Proceso A dice: hola Mundo
Proceso A dice: hola Mundo
Proceso A dice: hola Mundo
Proceso A dice: hola Mundo
Proceso A dice: hola Mundo
Proceso A dice: hola Mundo
Proceso A dice: hola Mundo
Proceso A dice: hola Mundo
Proceso A dice: hola Mundo
Proceso A dice: hola Mundo
Proceso A dice: hola Mundo
Proceso A dice: hola Mundo
Proceso A dice: hola Mundo
Proceso A dice: hola Mundo
picking
Copying 0010B674 to 0010B674 
Proceso B dice: hola Mundo
Proceso B dice: hola Mundo
Proceso B dice: hola Mundo
Proceso B dice: hola Mundo
Proceso B dice: hola Mundo
Proceso B dice: hola Mundo
Proceso B dice: hola Mundo
Proceso B dice: hola Mundo
Proceso B dice: hola Mundo
Proceso B dice: hola Mundo
Proceso B dice: hola Mundo
Proceso B dice: hola Mundo
Proceso B dice: hola Mundo
Proceso B dice: hola Mundo
Proceso B dice: hola Mundo
Proceso B dice: hola Mundo
Proceso B dice: hola Mundo
Proceso B dice: hola Mundo
Proceso B dice: hola Mundo
Proceso B dice: hola Mundo
Proceso B dice: hola Mundo
Proceso B dice: hola Mundo
Proceso B dice: hola Mundo
Proceso B dice: hola Mundo
Proceso B dice: hola Mundo
Proceso B dice: hola Mundo
Proceso B dice: hola Mundo
Proceso B dice: hola Mundo
Proceso B dice: hola Mundo
Proceso B dice: hola Mundo
Proceso B dice: hola Mundo
Proceso B dice: hola Mundo
Proceso B dice: hola Mundo
Proceso B dice: hola Mundo
Proceso B dice: hola Mundo
Proceso B dice: hola Mundo
Proceso B dice: hola Mundo
Proceso B dice: hola Mundo
Proceso B dice: hola Mundo
Proceso B dice: hola Mundo
Proceso B dice: hola Mundo
Proceso B dice: hola Mundo
Proceso B dice: hola Mundo
Prpicking
Copying 0010D4B4 to 0010D4D4 
oceso C dice: hola Mundo
Proceso C dice: hola Mundo
Proceso C dice: hola Mundo
Proceso C dice: hola Mundo
Proceso C dice: hola Mundo
Proceso C dice: hola Mundo
Proceso C dice: hola Mundo
Proceso C dice: hola Mundo
Proceso C dice: hola Mundo
Proceso C dice: hola Mundo
Proceso C dice: hola Mundo
Proceso C dice: hola Mundo
Proceso C dice: hola Mundo
Proceso C dice: hola Mundo
Proceso C dice: hola Mundo
Proceso C dice: hola Mundo
Proceso C dice: hola Mundo
Proceso C dice: hola Mundo
Proceso C dice: hola Mundo
Proceso C dice: hola Mundo
Proceso C dice: hola Mundo
Proceso C dice: hola Mundo
Proceso C dice: hola Mundo
Proceso C dice: hola Mundo
Proceso C dice: hola Mundo
Proceso C dice: hola Mundo
Proceso C dice: hola Mundo
Proceso C dice: hola Mundo
Proceso C dice: hola Mundo
Proceso C dice: hola Mundo
Proceso C dice: hola Mundo
Proceso C dice: hola Mundo
Proceso C dice: hola Mundo
Proceso C dice: hola Mundo
Proceso C dice: hola Mundo
Proceso C dice: hola Mundo
Proceso C dice: hola Mundo
Proceso C dice: hola Mundo
Proceso C dice: hola Mundo
Proceso C dice: hola Mundo
picking
Copying 0010F334 to 0010F354 
Proceso A dice: hola Mundo
Proceso A dice: hola Mundo
Proceso A dice: hola Mundo
Proceso A dice: hola Mundo
Proceso A dice: hola Mundo
Proceso A dice: hola Mundo
Proceso A dice: hola Mundo
Proceso A dice: hola Mundo
Proceso A dice: hola Mundo
Proceso A dice: hola Mundo
Proceso A dice: hola Mundo
Proceso A dice: hola Mundo
Proceso A dice: hola Mundo
Proceso A dice: hola Mundo
Proceso A dice: hola Mundo
Proceso A dice: hola Mundo
Proceso A dice: hola Mundo
Proceso A dice: hola Mundo
Proceso A dice: hola Mundo
Proceso A dice: hola Mundo
Proceso A dice: hola Mundo
Proceso A dice: hola Mundo
Proceso A dice: hola Mundo
Proceso A dice: hola Mundo
Proceso A dice: hola Mundo
Proceso A dice: hola Mundo
Proceso A dice: hola Mundo
Proceso A dice: hola Mundo
Proceso A dice: hola Mundo
Proceso A dice: hola Mundo
Proceso A dice: hola Mundo
Proceso A dice: hola Mundo
Proceso A dice: hola Mundo
Proceso A dice: hola Mundo
Proceso A dice: hola Mundo
Proceso A dice: hola Mundo
Proceso A dice: hola Mundo
Proceso A dice: hola Mundo
Proceso A dice: hola Mundo
Proceso A dice: hola Mundo
picking
Copying 0010B674 to 0010B674 
oceso B dice: hola Mundo
Proceso B dice: hola Mundo
Proceso B dice: hola Mundo
Proceso B dice: hola Mundo
Proceso B dice: hola Mundo
Proceso B dice: hola Mundo
Proceso B dice: hola Mundo
Proceso B dice: hola Mundo
Proceso B dice: hola Mundo
Proceso B dice: hola Mundo
Proceso B dice: hola Mundo
Proceso B dice: hola Mundo
Proceso B dice: hola Mundo
Proceso B dice: hola Mundo
Proceso B dice: hola Mundo
Proceso B dice: hola Mundo
Proceso B dice: hola Mundo
Proceso B dice: hola Mundo
Proceso B dice: hola Mundo
Proceso B dice: hola Mundo
Proceso B dice: hola Mundo
Proceso B dice: hola Mundo
Proceso B dice: hola Mundo
Proceso B dice: hola Mundo
Proceso B dice: hola Mundo
Proceso B dice: hola Mundo
Proceso B dice: hola Mundo
Proceso B dice: hola Mundo
Proceso B dice: hola Mundo
Proceso B dice: hola Mundo
Proceso B dice: hola Mundo
Proceso B dice: hola Mundo
Proceso B dice: hola Mundo
Proceso B dice: hola Mundo
Proceso B dice: hola Mundo
Proceso B dice: hola Mundo
Proceso B dice: hola Mundo
Proceso B dice: hola Mundo
Proceso B dice: hola Mundo
Proceso B dice: hola Mundo
Proceso B dice: hola Mundo
picking
Copying 0010D4D4 to 0010D4B4 
Proceso C dice: hola Mundo
Proceso C dice: hola Mundo
Proceso C dice: hola Mundo
Proceso C dice: hola Mundo
Proceso C dice: hola Mundo
Proceso C dice: hola Mundo
Proceso C dice: hola Mundo
Proceso C dice: hola Mundo
Proceso C dice: hola Mundo
Proceso C dice: hola Mundo
Proceso C dice: hola Mundo
Proceso C dice: hola Mundo
Proceso C dice: hola Mundo
Proceso C dice: hola Mundo
Proceso C dice: hola Mundo
Proceso C dice: hola Mundo
Proceso C dice: hola Mundo
Proceso C dice: hola Mundo
Proceso C dice: hola Mundo
Proceso C dice: hola Mundo
Proceso C dice: hola Mundo
Proceso C dice: hola Mundo
Proceso C dice: hola Mundo
Proceso C dice: hola Mundo
Proceso C dice: hola Mundo
Proceso C dice: hola Mundo
Proceso C dice: hola Mundo
Proceso C dice: hola Mundo
Proceso C dice: hola Mundo
Proceso C dice: hola Mundo
Proceso C dice: hola Mundo
Proceso C dice: hola Mundo
Proceso C dice: hola Mundo
Proceso C dice: hola Mundo
Proceso C dice: hola Mundo
Proceso C dice: hola Mundo
Proceso C dice: hola Mundo
Proceso C dice: hola Mundo
Proceso C dice: hola Mundo
Proceso C dice: hola Mundo
picking
Copying 0010F334 to 0010F334 
Proceso A dice: hola Mundo
Proceso A dice: hola Mundo
Proceso A dice: hola Mundo
Proceso A dice: hola Mundo
Proceso A dice: hola Mundo
Proceso A dice: hola Mundo
Proceso A dice: hola Mundo
Proceso A dice: hola Mundo
Proceso A dice: hola Mundo
Proceso A dice: hola Mundo
Proceso A dice: hola Mundo
Proceso A dice: hola Mundo
Proceso A dice: hola Mundo
Proceso A dice: hola Mundo
Proceso A dice: hola Mundo
Proceso A dice: hola Mundo
Proceso A dice: hola Mundo
Proceso A dice: hola Mundo
Proceso A dice: hola Mundo
Proceso A dice: hola Mundo
Proceso A dice: hola Mundo
Proceso A dice: hola Mundo
Proceso A dice: hola Mundo
Proceso A dice: hola Mundo
Proceso A dice: hola Mundo
Proceso A dice: hola Mundo
Proceso A dice: hola Mundo
Proceso A dice: hola Mundo
Proceso A dice: hola Mundo
Proceso A dice: hola Mundo
Proceso A dice: hola Mundo
Proceso A dice: hola Mundo
Proceso A dice: hola Mundo
Proceso A dice: hola Mundo
Proceso A dice: hola Mundo
Proceso A dice: hola Mundo
Proceso A dice: hola Mundo
Proceso A dice: hola Mundo
Proceso A dice: hola Mundo
Proceso A dice: hola Mundo
picking
Copying 0010B674 to 0010B674 
Proceso B dice: hola Mundo
Proceso B dice: hola Mundo
Proceso B dice: hola Mundo
Proceso B dice: hola Mundo
Proceso B dice: hola Mundo
Proceso B dice: hola Mundo
Proceso B dice: hola Mundo
Proceso B dice: hola Mundo
Proceso B dice: hola Mundo
Proceso B dice: hola Mundo
Proceso B dice: hola Mundo
Proceso B dice: hola Mundo
Proceso B dice: hola Mundo
Proceso B dice: hola Mundo
Proceso B dice: hola Mundo
Proceso B dice: hola Mundo
Proceso B dice: hola Mundo
Proceso B dice: hola Mundo
Proceso B dice: hola Mundo
Proceso B dice: hola Mundo
Proceso B dice: hola Mundo
Proceso B dice: hola Mundo
Proceso B dice: hola Mundo
Proceso B dice: hola Mundo
Proceso B dice: hola Mundo
Proceso B dice: hola Mundo
Proceso B dice: hola Mundo
Proceso B dice: hola Mundo
Proceso B dice: hola Mundo
Proceso B dice: hola Mundo
Proceso B dice: hola Mundo
Proceso B dice: hola Mundo
Proceso B dice: hola Mundo
Proceso B dice: hola Mundo
Proceso B dice: hola Mundo
Proceso B dice: hola Mundo
Proceso B dice: hola Mundo
Proceso B dice: hola Mundo
Proceso B dice: hola Mundo
Proceso B dice: hola Mundo
Proceso B dice: hola Mundo
Proceso B dice: hola Mundo
Proceso B dice: hola Mundo
picking
Copying 0010D4D4 to 0010D4D4 
Proceso C dice: hola Mundo
Proceso C dice: hola Mundo
Proceso C dice: hola Mundo
Proceso C dice: hola Mundo
Proceso C dice: hola Mundo
Proceso C dice: hola Mundo
Proceso C dice: hola Mundo
Proceso C dice: hola Mundo
Proceso C dice: hola Mundo
Proceso C dice: hola Mundo
Proceso C dice: hola Mundo
Proceso C dice: hola Mundo
Proceso C dice: hola Mundo
Proceso C dice: hola Mundo
Proceso C dice: hola Mundo
Proceso C dice: hola Mundo
Proceso C dice: hola Mundo
Proceso C dice: hola Mundo
Proceso C dice: hola Mundo
Proceso C dice: hola Mundo
Proceso C dice: hola Mundo
Proceso C dice: hola Mundo
Proceso C dice: hola Mundo
Proceso C dice: hola Mundo
Proceso C dice: hola Mundo
Proceso C dice: hola Mundo
Proceso C dice: hola Mundo
Proceso C dice: hola Mundo
Proceso C dice: hola Mundo
Proceso C dice: hola Mundo
Proceso C dice: hola Mundo
Proceso C dice: hola Mundo
Proceso C dice: hola Mundo
Proceso C dice: hola Mundo
Proceso C dice: hola Mundo
Proceso C dice: hola Mundo
Proceso C dice: hola Mundo
Proceso C dice: hola Mundo
Proceso C dice: hola Mundo
Proceso C dice: hola Mundo
picking
Copying 0010F334 to 0010F334 
Proceso A dice: hola Mundo
Proceso A dice: hola Mundo
Proceso A dice: hola Mundo
Proceso A dice: hola Mundo
Proceso A dice: hola Mundo
Proceso A dice: hola Mundo
Proceso A dice: hola Mundo
Proceso A dice: hola Mundo
Proceso A dice: hola Mundo
Proceso A dice: hola Mundo
Proceso A dice: hola Mundo
Proceso A dice: hola Mundo
Proceso A dice: hola Mundo
Proceso A dice: hola Mundo
Proceso A dice: hola Mundo
Proceso A dice: hola Mundo
Proceso A dice: hola Mundo
Proceso A dice: hola Mundo
Proceso A dice: hola Mundo
Proceso A dice: hola Mundo
Proceso A dice: hola Mundo
Proceso A dice: hola Mundo
Proceso A dice: hola Mundo
Proceso A dice: hola Mundo
Proceso A dice: hola Mundo
Proceso A dice: hola Mundo
Proceso A dice: hola Mundo
Proceso A dice: hola Mundo
Proceso A dice: hola Mundo
Proceso A dice: hola Mundo
Proceso A dice: hola Mundo
Proceso A dice: hola Mundo
Proceso A dice: hola Mundo
Proceso A dice: hola Mundo
Proceso A dice: hola Mundo
Proceso A dice: hola Mundo
Proceso A dice: hola Mundo
Proceso A dice: hola Mundo
Proceso A dice: hola Mundo
Proceso A dice: hola Mundo
picking
Copying 0010B674 to 0010B674 
Proceso B dice: hola Mundo
Proceso B dice: hola Mundo
Proceso B dice: hola Mundo
Proceso B dice: hola Mundo
Proceso B dice: hola Mundo
Proceso B dice: hola Mundo
Proceso B dice: hola Mundo
Proceso B dice: hola Mundo
Proceso B dice: hola Mundo
Proceso B dice: hola Mundo
Proceso B dice: hola Mundo
Proceso B dice: hola Mundo
Proceso B dice: hola Mundo
Proceso B dice: hola Mundo
Proceso B dice: hola Mundo
Proceso B dice: hola Mundo
Proceso B dice: hola Mundo
Proceso B dice: hola Mundo
Proceso B dice: hola Mundo
Proceso B dice: hola Mundo
Proceso B dice: hola Mundo
Proceso B dice: hola Mundo
Proceso B dice: hola Mundo
Proceso B dice: hola Mundo
Proceso B dice: hola Mundo
Proceso B dice: hola Mundo
Proceso B dice: hola Mundo
Proceso B dice: hola Mundo
Proceso B dice: hola Mundo
Proceso B dice: hola Mundo
Proceso B dice: hola Mundo
Proceso B dice: hola Mundo
Proceso B dice: hola Mundo
Proceso B dice: hola Mundo
Proceso B dice: hola Mundo
picking
Copying 0010D4D4 to 0010D4D4 
Proceso C dice: hola Mundo
Proceso C dice: hola Mundo
Proceso C dice: hola Mundo
Proceso C dice: hola Mundo
Proceso C dice: hola Mundo
Proceso C dice: hola Mundo
Proceso C dice: hola Mundo
Proceso C dice: hola Mundo
Proceso C dice: hola Mundo
Proceso C dice: hola Mundo
Proceso C dice: hola Mundo
Proceso C dice: hola Mundo
Proceso C dice: hola Mundo
Proceso C dice: hola Mundo
Proceso C dice: hola Mundo
Proceso C dice: hola Mundo
Proceso C dice: hola Mundo
Proceso C dice: hola Mundo
Proceso C dice: hola Mundo
Proceso C dice: hola Mundo
Proceso C dice: hola Mundo
Proceso C dice: hola Mundo
Proceso C dice: hola Mundo
Proceso C dice: hola Mundo
Proceso C dice: hola Mundo
Proceso C dice: hola Mundo
Proceso C dice: hola Mundo
Proceso C dice: hola Mundo
Proceso C dice: hola Mundo
Proceso C dice: hola Mundo
Proceso C dice: hola Mundo
Proceso C dice: hola Mundo
Proceso C dice: hola Mundo
Proceso C dice: hola Mundo
Proceso C dice: hola Mundo
Proceso C dice: hola Mundo
Proceso C dice: hola Mundo
Proceso C dice: hola Mundo
Proceso C dice: hola Mundo
Proceso C dice: hola Mundo
Proceso C dice: hola Mundo
Proceso C dice: hola Mundo
picking
Copying 0010F334 to 0010F334 
Proceso A dice: hola Mundo
Proceso A dice: hola Mundo
Proceso A dice: hola Mundo
Proceso A dice: hola Mundo
Proceso A dice: hola Mundo
Proceso A dice: hola Mundo
Proceso A dice: hola Mundo
Proceso A dice: hola Mundo
Proceso A dice: hola Mundo
Proceso A dice: hola Mundo
Proceso A dice: hola Mundo
Proceso A dice: hola Mundo
Proceso A dice: hola Mundo
Proceso A dice: hola Mundo
Proceso A dice: hola Mundo
Proceso A dice: hola Mundo
Proceso A dice: hola Mundo
Proceso A dice: hola Mundo
Proceso A dice: hola Mundo
Proceso A dice: hola Mundo
Proceso A dice: hola Mundo
Proceso A dice: hola Mundo
Proceso A dice: hola Mundo
Proceso A dice: hola Mundo
Proceso A dice: hola Mundo
Proceso A dice: hola Mundo
Proceso A dice: hola Mundo
Proceso A dice: hola Mundo
Proceso A dice: hola Mundo
Proceso A dice: hola Mundo
Proceso A dice: hola Mundo
Proceso A dice: hola Mundo
Proceso A dice: hola Mundo
Proceso A dice: hola Mundo
Proceso A dice: hola Mundo
Proceso A dice: hola Mundo
Proceso A dice: hola Mundo
Proceso A dice: hola Mundo
Proceso A dice: hola Mundo
Proceso A dice: hola Mundo
Proceso A dice: hola Mundo
picking
Copying 0010B674 to 0010B674 
Proceso B dice: hola Mundo
Proceso B dice: hola Mundo
Proceso B dice: hola Mundo
Proceso B dice: hola Mundo
Proceso B dice: hola Mundo
Proceso B dice: hola Mundo
Proceso B dice: hola Mundo
Proceso B dice: hola Mundo
Proceso B dice: hola Mundo
Proceso B dice: hola Mundo
Proceso B dice: hola Mundo
Proceso B dice: hola Mundo
Proceso B dice: hola Mundo
Proceso B dice: hola Mundo
Proceso B dice: hola Mundo
Proceso B dice: hola Mundo
Proceso B dice: hola Mundo
Proceso B dice: hola Mundo
Proceso B dice: hola Mundo
Proceso B dice: hola Mundo
Proceso B dice: hola Mundo
Proceso B dice: hola Mundo
Proceso B dice: hola Mundo
Proceso B dice: hola Mundo
Proceso B dice: hola Mundo
Proceso B dice: hola Mundo
Proceso B dice: hola Mundo
Proceso B dice: hola Mundo
Proceso B dice: hola Mundo
Proceso B dice: hola Mundo
Proceso B dice: hola Mundo
Proceso B dice: hola Mundo
Proceso B dice: hola Mundo
Proceso B dice: hola Mundo
Proceso B dice: hola Mundo
Proceso B dice: hola Mundo
Proceso B dice: hola Mundo
Proceso B dice: hola Mundo
Proceso B dice: hola Mundo
picking
Copying 0010D4D4 to 0010D4D4 
Proceso C dice: hola Mundo
Proceso C dice: hola Mundo
Proceso C dice: hola Mundo
Proceso C dice: hola Mundo
Proceso C dice: hola Mundo
Proceso C dice: hola Mundo
Proceso C dice: hola Mundo
Proceso C dice: hola Mundo
Proceso C dice: hola Mundo
Proceso C dice: hola Mundo
Proceso C dice: hola Mundo
Proceso C dice: hola Mundo
Proceso C dice: hola Mundo
Proceso C dice: hola Mundo
Proceso C dice: hola Mundo
Proceso C dice: hola Mundo
Proceso C dice: hola Mundo
Proceso C dice: hola Mundo
Proceso C dice: hola Mundo
Proceso C dice: hola Mundo
Proceso C dice: hola Mundo
Proceso C dice: hola Mundo
Proceso C dice: hola Mundo
Proceso C dice: hola Mundo
Proceso C dice: hola Mundo
Proceso C dice: hola Mundo
Proceso C dice: hola Mundo
Proceso C dice: hola Mundo
Proceso C dice: hola Mundo
Proceso C dice: hola Mundo
Proceso C dice: hola Mundo
Proceso C dice: hola Mundo
Proceso C dice: hola Mundo
Proceso C dice: hola Mundo
Proceso C dice: hola Mundo
Proceso C dice: hola Mundo
Proceso C dice: hola Mundo
Proceso C dice: hola Mundo
Procepicking
Copying 0010F314 to 0010F334 
Proceso A dice: hola Mundo
Proceso A dice: hola Mundo
Proceso A dice: hola Mundo
Proceso A dice: hola Mundo
Proceso A dice: hola Mundo
Proceso A dice: hola Mundo
Proceso A dice: hola Mundo
Proceso A dice: hola Mundo
Proceso A dice: hola Mundo
Proceso A dice: hola Mundo
Proceso A dice: hola Mundo
Proceso A dice: hola Mundo
Proceso A dice: hola Mundo
Proceso A dice: hola Mundo
Proceso A dice: hola Mundo
Proceso A dice: hola Mundo
Proceso A dice: hola Mundo
Proceso A dice: hola Mundo
Proceso A dice: hola Mundo
Proceso A dice: hola Mundo
Proceso A dice: hola Mundo
Proceso A dice: hola Mundo
Proceso A dice: hola Mundo
Proceso A dice: hola Mundo
Proceso A dice: hola Mundo
Proceso A dice: hola Mundo
Proceso A dice: hola Mundo
Proceso A dice: hola Mundo
Proceso A dice: hola Mundo
Proceso A dice: hola Mundo
Proceso A dice: hola Mundo
Proceso A dice: hola Mundo
Proceso A dice: hola Mundo
Proceso A dice: hola Mundo
Proceso A dice: hola Mundo
Proceso A dice: hola Mundo
Proceso A dice: hola Mundo
Proceso A dice: hola Mundo
Proceso A dice: hola Mundo
Proceso A dice: hola Mundo
Proceso A dice: hola Mundo
Proceso A dice: hola Mundo
Proceso A dice: hola Mundo
Proceso A dice: hola Mundo
picking
Copying 0010B674 to 0010B674 
Proceso B dice: hola Mundo
Proceso B dice: hola Mundo
Proceso B dice: hola Mundo
Proceso B dice: hola Mundo
Proceso B dice: hola Mundo
Proceso B dice: hola Mundo
Proceso B dice: hola Mundo
Proceso B dice: hola Mundo
Proceso B dice: hola Mundo
Proceso B dice: hola Mundo
Proceso B dice: hola Mundo
Proceso B dice: hola Mundo
Proceso B dice: hola Mundo
Proceso B dice: hola Mundo
Proceso B dice: hola Mundo
Proceso B dice: hola Mundo
Proceso B dice: hola Mundo
Proceso B dice: hola Mundo
Proceso B dice: hola Mundo
Proceso B dice: hola Mundo
Proceso B dice: hola Mundo
Proceso B dice: hola Mundo
Proceso B dice: hola Mundo
Proceso B dice: hola Mundo
Proceso B dice: hola Mundo
Proceso B dice: hola Mundo
Proceso B dice: hola Mundo
Proceso B dice: hola Mundo
Proceso B dice: hola Mundo
Proceso B dice: hola Mundo
Proceso B dice: hola Mundo
Proceso B dice: hola Mundo
Proceso B dice: hola Mundo
Proceso B dice: hola Mundo
Proceso B dice: hola Mundo
Proceso B dice: hola Mundo
Proceso B dice: hola Mundo
Proceso B dice: hola Mundo
Proceso B dice: hola Mundo
Proceso B dice: hola Mundo
Proceso B dice: hola Mundo
Proceso B dice: hola Mundo
Prpicking
Copying 0010D4F4 to 0010D4D4 
so C dice: hola Mundo
Proceso C dice: hola Mundo
Proceso C dice: hola Mundo
Proceso C dice: hola Mundo
Proceso C dice: hola Mundo
Proceso C dice: hola Mundo
Proceso C dice: hola Mundo
Proceso C dice: hola Mundo
Proceso C dice: hola Mundo
Proceso C dice: hola Mundo
Proceso C dice: hola Mundo
Proceso C dice: hola Mundo
Proceso C dice: hola Mundo
Proceso C dice: hola Mundo
Proceso C dice: hola Mundo
Proceso C dice: hola Mundo
Proceso C dice: hola Mundo
Proceso C dice: hola Mundo
Proceso C dice: hola Mundo
Proceso C dice: hola Mundo
Proceso C dice: hola Mundo
Proceso C dice: hola Mundo
Proceso C dice: hola Mundo
Proceso C dice: hola Mundo
Proceso C dice: hola Mundo
Proceso C dice: hola Mundo
Proceso C dice: hola Mundo
Proceso C dice: hola Mundo
Proceso C dice: hola Mundo
Proceso C dice: hola Mundo
Proceso C dice: hola Mundo
Proceso C dice: hola Mundo
Proceso C dice: hola Mundo
Proceso C dice: hola Mundo
Proceso C dice: hola Mundo
Proceso C dice: hola Mundo
Proceso C dice: hola Mundo
Proceso C dice: hola Mundo
Proceso C dice: hola Mundo
Proceso C dice: hola Mundo
Proceso C dice: hola Mundo
Proceso C dice: hola Mundo
picking
Copying 0010F334 to 0010F314 
Proceso A dice: hola Mundo
Proceso A dice: hola Mundo
Proceso A dice: hola Mundo
Proceso A dice: hola Mundo
Proceso A dice: hola Mundo
Proceso A dice: hola Mundo
Proceso A dice: hola Mundo
Proceso A dice: hola Mundo
Proceso A dice: hola Mundo
Proceso A dice: hola Mundo
Proceso A dice: hola Mundo
Proceso A dice: hola Mundo
Proceso A dice: hola Mundo
Proceso A dice: hola Mundo
Proceso A dice: hola Mundo
Proceso A dice: hola Mundo
Proceso A dice: hola Mundo
Proceso A dice: hola Mundo
Proceso A dice: hola Mundo
Proceso A dice: hola Mundo
Proceso A dice: hola Mundo
Proceso A dice: hola Mundo
Proceso A dice: hola Mundo
Proceso A dice: hola Mundo
Proceso A dice: hola Mundo
Proceso A dice: hola Mundo
Proceso A dice: hola Mundo
Proceso A dice: hola Mundo
Proceso A dice: hola Mundo
Proceso A dice: hola Mundo
Proceso A dice: hola Mundo
Proceso A dice: hola Mundo
Proceso A dice: hola Mundo
Proceso A dice: hola Mundo
Proceso A dice: hola Mundo
Proceso A dice: hola Mundo
Proceso A dice: hola Mundo
Proceso A dice: hola Mundo
Proceso A dice: hola Mundo
Proceso A dice: hola Mundo
Proceso A dice: hola Mundo
Proceso A dice: hola Mundo
picking
Copying 0010B674 to 0010B674 
oceso B dice: hola Mundo
Proceso B dice: hola Mundo
Proceso B dice: hola Mundo
Proceso B dice: hola Mundo
Proceso B dice: hola Mundo
Proceso B dice: hola Mundo
Proceso B dice: hola Mundo
Proceso B dice: hola Mundo
Proceso B dice: hola Mundo
Proceso B dice: hola Mundo
Proceso B dice: hola Mundo
Proceso B dice: hola Mundo
Proceso B dice: hola Mundo
Proceso B dice: hola Mundo
Proceso B dice: hola Mundo
Proceso B dice: hola Mundo
Proceso B dice: hola Mundo
Proceso B dice: hola Mundo
Proceso B dice: hola Mundo
Proceso B dice: hola Mundo
Proceso B dice: hola Mundo
Proceso B dice: hola Mundo
Proceso B dice: hola Mundo
Proceso B dice: hola Mundo
Proceso B dice: hola Mundo
Proceso B dice: hola Mundo
Proceso B dice: hola Mundo
Proceso B dice: hola Mundo
Proceso B dice: hola Mundo
Proceso B dice: hola Mundo
Proceso B dice: hola Mundo
Proceso B dice: hola Mundo
Proceso B dice: hola Mundo
Proceso B dice: hola Mundo
Proceso B dice: hola Mundo
Proceso B dice: hola Mundo
Proceso B dice: hola Mundo
Proceso B dice: hola Mundo
Proceso B dice: hola Mundo
Proceso B dice: hola Mundo
Proceso B dice: hola Mundo
Proceso B dice: hola Mundo
picking
Copying 0010D4D4 to 0010D4F4 
Proceso C dice: hola Mundo
Proceso C dice: hola Mundo
Proceso C dice: hola Mundo
Proceso C dice: hola Mundo
Proceso C dice: hola Mundo
Proceso C dice: hola Mundo
Proceso C dice: hola Mundo
Proceso C dice: hola Mundo
Proceso C dice: hola Mundo
Proceso C dice: hola Mundo
Proceso C dice: hola Mundo
Proceso C dice: hola Mundo
Proceso C dice: hola Mundo
Proceso C dice: hola Mundo
Proceso C dice: hola Mundo
Proceso C dice: hola Mundo
Proceso C dice: hola Mundo
Proceso C dice: hola Mundo
Proceso C dice: hola Mundo
Proceso C dice: hola Mundo
Proceso C dice: hola Mundo
Proceso C dice: hola Mundo
Proceso C dice: hola Mundo
Proceso C dice: hola Mundo
Proceso C dice: hola Mundo
Proceso C dice: hola Mundo
Proceso C dice: hola Mundo
Proceso C dice: hola Mundo
Proceso C dice: hola Mundo
Proceso C dice: hola Mundo
Proceso C dice: hola Mundo
Proceso C dice: hola Mundo
Proceso C dice: hola Mundo
Proceso C dice: hola Mundo
Proceso C dice: hola Mundo
Proceso C dice: hola Mundo
Proceso C dice: hola Mundo
Proceso C dice: hola Mundo
Proceso C dice: hola Mundo
Proceso C dice: hola Mundo
Proceso C dice: hola Mundo
Proceso C dice: hola Mundo
picking
Copying 0010F334 to 0010F334 
Proceso A dice: hola Mundo
Proceso A dice: hola Mundo
Proceso A dice: hola Mundo
Proceso A dice: hola Mundo
Proceso A dice: hola Mundo
Proceso A dice: hola Mundo
Proceso A dice: hola Mundo
Proceso A dice: hola Mundo
Proceso A dice: hola Mundo
Proceso A dice: hola Mundo
Proceso A dice: hola Mundo
Proceso A dice: hola Mundo
Proceso A dice: hola Mundo
Proceso A dice: hola Mundo
Proceso A dice: hola Mundo
Proceso A dice: hola Mundo
Proceso A dice: hola Mundo
Proceso A dice: hola Mundo
Proceso A dice: hola Mundo
Proceso A dice: hola Mundo
Proceso A dice: hola Mundo
Proceso A dice: hola Mundo
Proceso A dice: hola Mundo
Proceso A dice: hola Mundo
Proceso A dice: hola Mundo
Proceso A dice: hola Mundo
Proceso A dice: hola Mundo
Proceso A dice: hola Mundo
Proceso A dice: hola Mundo
Proceso A dice: hola Mundo
Proceso A dice: hola Mundo
Proceso A dice: hola Mundo
Proceso A dice: hola Mundo
Proceso A dice: hola Mundo
Proceso A dice: hola Mundo
Proceso A dice: hola Mundo
Proceso A dice: hola Mundo
Proceso A dice: hola Mundo
Proceso A dice: hola Mundo
Proceso A dice: hola Mundo
Proceso A dice: hola Mundo
Proceso A dice: hola Mundo
Proceso A dice: hola Mundo
Proceso A dice: hola Mundo
picking
Copying 0010B674 to 0010B674 
Proceso B dice: hola Mundo
Proceso B dice: hola Mundo
Proceso B dice: hola Mundo
Proceso B dice: hola Mundo
Proceso B dice: hola Mundo
Proceso B dice: hola Mundo
Proceso B dice: hola Mundo
Proceso B dice: hola Mundo
Proceso B dice: hola Mundo
Proceso B dice: hola Mundo
Proceso B dice: hola Mundo
Proceso B dice: hola Mundo
Proceso B dice: hola Mundo
Proceso B dice: hola Mundo
Proceso B dice: hola Mundo
Proceso B dice: hola Mundo
Proceso B dice: hola Mundo
Proceso B dice: hola Mundo
Proceso B dice: hola Mundo
Proceso B dice: hola Mundo
Proceso B dice: hola Mundo
Proceso B dice: hola Mundo
Proceso B dice: hola Mundo
Proceso B dice: hola Mundo
Proceso B dice: hola Mundo
Proceso B dice: hola Mundo
Proceso B dice: hola Mundo
Proceso B dice: hola Mundo
Proceso B dice: hola Mundo
Proceso B dice: hola Mundo
Proceso B dice: hola Mundo
Proceso B dice: hola Mundo
Proceso B dice: hola Mundo
Proceso B dice: hola Mundo
Proceso B dice: hola Mundo
Proceso B dice: hola Mundo
Proceso B dice: hola Mundo
Proceso B dice: hola Mundo
Proceso B dice: hola Mundo
Proceso B dice: hola Mundo
Proceso B dice: hola Mundo
Proceso B dice: hola Mundo
Proceso B dice: hola Mundo
picking
Copying 0010D4D4 to 0010D4D4 
Proceso C dice: hola Mundo
Proceso C dice: hola Mundo
Proceso C dice: hola Mundo
Proceso C dice: hola Mundo
Proceso C dice: hola Mundo
Proceso C dice: hola Mundo
Proceso C dice: hola Mundo
Proceso C dice: hola Mundo
Proceso C dice: hola Mundo
Proceso C dice: hola Mundo
Proceso C dice: hola Mundo
Proceso C dice: hola Mundo
Proceso C dice: hola Mundo
Proceso C dice: hola Mundo
Proceso C dice: hola Mundo
Proceso C dice: hola Mundo
Proceso C dice: hola Mundo
Proceso C dice: hola Mundo
Proceso C dice: hola Mundo
Proceso C dice: hola Mundo
Proceso C dice: hola Mundo
Proceso C dice: hola Mundo
Proceso C dice: hola Mundo
Proceso C dice: hola Mundo
Proceso C dice: hola Mundo
Proceso C dice: hola Mundo
Proceso C dice: hola Mundo
Proceso C dice: hola Mundo
Proceso C dice: hola Mundo
Proceso C dice: hola Mundo
Proceso C dice: hola Mundo
Proceso C dice: hola Mundo
Proceso C dice: hola Mundo
Proceso C dice: hola Mundo
Proceso C dice: hola Mundo
Proceso C dice: hola Mundo
Proceso C dice: hola Mundo
Proceso C dice: hola Mundo
Proceso C dice: hola Mundo
picking
Copying 0010F334 to 0010F334 
Proceso A dice: hola Mundo
Proceso A dice: hola Mundo
Proceso A dice: hola Mundo
Proceso A dice: hola Mundo
Proceso A dice: hola Mundo
Proceso A dice: hola Mundo
Proceso A dice: hola Mundo
Proceso A dice: hola Mundo
Proceso A dice: hola Mundo
Proceso A dice: hola Mundo
Proceso A dice: hola Mundo
Proceso A dice: hola Mundo
Proceso A dice: hola Mundo
Proceso A dice: hola Mundo
Proceso A dice: hola Mundo
Proceso A dice: hola Mundo
Proceso A dice: hola Mundo
Proceso A dice: hola Mundo
Proceso A dice: hola Mundo
Proceso A dice: hola Mundo
Proceso A dice: hola Mundo
Proceso A dice: hola Mundo
Proceso A dice: hola Mundo
Proceso A dice: hola Mundo
Proceso A dice: hola Mundo
Proceso A dice: hola Mundo
Proceso A dice: hola Mundo
Proceso A dice: hola Mundo
Proceso A dice: hola Mundo
Proceso A dice: hola Mundo
Proceso A dice: hola Mundo
Proceso A dice: hola Mundo
Proceso A dice: hola Mundo
Proceso A dice: hola Mundo
Proceso A dice: hola Mundo
Proceso A dice: hola Mundo
Proceso A dice: hola Mundo
Proceso A dice: hola Mundo
Proceso A dice: hola Mundo
Proceso A dice: hola Mundo
Proceso A dice: hola Mundo
Proceso A dice: hola Mundo
Proceso A dice: hola Mundo
picking
Copying 0010B674 to 0010B674 
Proceso B dice: hola Mundo
Proceso B dice: hola Mundo
Proceso B dice: hola Mundo
Proceso B dice: hola Mundo
Proceso B dice: hola Mundo
Proceso B dice: hola Mundo
Proceso B dice: hola Mundo
Proceso B dice: hola Mundo
Proceso B dice: hola Mundo
Proceso B dice: hola Mundo
Proceso B dice: hola Mundo
Proceso B dice: hola Mundo
Proceso B dice: hola Mundo
Proceso B dice: hola Mundo
Proceso B dice: hola Mundo
Proceso B dice: hola Mundo
Proceso B dice: hola Mundo
Proceso B dice: hola Mundo
Proceso B dice: hola Mundo
Proceso B dice: hola Mundo
Proceso B dice: hola Mundo
Proceso B dice: hola Mundo
Proceso B dice: hola Mundo
Proceso B dice: hola Mundo
Proceso B dice: hola Mundo
Proceso B dice: hola Mundo
Proceso B dice: hola Mundo
Proceso B dice: hola Mundo
Proceso B dice: hola Mundo
Proceso B dice: hola Mundo
Proceso B dice: hola Mundo
Proceso B dice: hola Mundo
Proceso B dice: hola Mundo
Proceso B dice: hola Mundo
Proceso B dice: hola Mundo
Proceso B dice: hola Mundo
Proceso B dice: hola Mundo
Proceso B dice: hola Mundo
Proceso B dice: hola Mundo
Proceso B dice: hola Mundo
Proceso B dice: hola Mundo
picking
Copying 0010D4D4 to 0010D4D4 
Proceso C dice: hola Mundo
Proceso C dice: hola Mundo
Proceso C dice: hola Mundo
Proceso C dice: hola Mundo
Proceso C dice: hola Mundo
Proceso C dice: hola Mundo
Proceso C dice: hola Mundo
Proceso C dice: hola Mundo
Proceso C dice: hola Mundo
Proceso C dice: hola Mundo
Proceso C dice: hola Mundo
Proceso C dice: hola Mundo
Proceso C dice: hola Mundo
Proceso C dice: hola Mundo
Proceso C dice: hola Mundo
Proceso C dice: hola Mundo
Proceso C dice: hola Mundo
Proceso C dice: hola Mundo
Proceso C dice: hola Mundo
Proceso C dice: hola Mundo
Proceso C dice: hola Mundo
Proceso C dice: hola Mundo
Proceso C dice: hola Mundo
Proceso C dice: hola Mundo
Proceso C dice: hola Mundo
Proceso C dice: hola Mundo
Proceso C dice: hola Mundo
Proceso C dice: hola Mundo
Proceso C dice: hola Mundo
Proceso C dice: hola Mundo
Proceso C dice: hola Mundo
Proceso C dice: hola Mundo
Proceso C dice: hola Mundo
Proceso C dice: hola Mundo
Proceso C dice: hola Mundo
Proceso C dice: hola Mundo
Proceso C dice: hola Mundo
Proceso C dice: hola Mundo
Proceso C dice: hola Mundo
Proceso C dice: hola Mundo
Proceso C dice: hola Mundo
Proceso C dice: hola Mundo
picking
Copying 0010F334 to 0010F334 
Proceso A dice: hola Mundo
Proceso A dice: hola Mundo
Proceso A dice: hola Mundo
Proceso A dice: hola Mundo
Proceso A dice: hola Mundo
Proceso A dice: hola Mundo
Proceso A dice: hola Mundo
Proceso A dice: hola Mundo
Proceso A dice: hola Mundo
Proceso A dice: hola Mundo
Proceso A dice: hola Mundo
Proceso A dice: hola Mundo
Proceso A dice: hola Mundo
Proceso A dice: hola Mundo
Proceso A dice: hola Mundo
Proceso A dice: hola Mundo
Proceso A dice: hola Mundo
Proceso A dice: hola Mundo
Proceso A dice: hola Mundo
Proceso A dice: hola Mundo
Proceso A dice: hola Mundo
Proceso A dice: hola Mundo
Proceso A dice: hola Mundo
Proceso A dice: hola Mundo
Proceso A dice: hola Mundo
Proceso A dice: hola Mundo
Proceso A dice: hola Mundo
Proceso A dice: hola Mundo
Proceso A dice: hola Mundo
Proceso A dice: hola Mundo
Proceso A dice: hola Mundo
Proceso A dice: hola Mundo
Proceso A dice: hola Mundo
Proceso A dice: hola Mundo
Proceso A dice: hola Mundo
Proceso A dice: hola Mundo
Proceso A dice: hola Mundo
Proceso A dice: hola Mundo
Proceso A dice: hola Mundo
picking
Copying 0010B674 to 0010B674 
Proceso B dice: hola Mundo
Proceso B dice: hola Mundo
Proceso B dice: hola Mundo
Proceso B dice: hola Mundo
Proceso B dice: hola Mundo
Proceso B dice: hola Mundo
Proceso B dice: hola Mundo
Proceso B dice: hola Mundo
Proceso B dice: hola Mundo
Proceso B dice: hola Mundo
Proceso B dice: hola Mundo
Proceso B dice: hola Mundo
Proceso B dice: hola Mundo
Proceso B dice: hola Mundo
Proceso B dice: hola Mundo
Proceso B dice: hola Mundo
Proceso B dice: hola Mundo
Proceso B dice: hola Mundo
Proceso B dice: hola Mundo
Proceso B dice: hola Mundo
Proceso B dice: hola Mundo
Proceso B dice: hola Mundo
Proceso B dice: hola Mundo
Proceso B dice: hola Mundo
Proceso B dice: hola Mundo
Proceso B dice: hola Mundo
Proceso B dice: hola Mundo
Proceso B dice: hola Mundo
Proceso B dice: hola Mundo
Proceso B dice: hola Mundo
Proceso B dice: hola Mundo
Proceso B dice: hola Mundo
Proceso B dice: hola Mundo
Proceso B dice: hola Mundo
Proceso B dice: hola Mundo
Proceso B dice: hola Mundo
Proceso B dice: hola Mundo
Proceso B dice: hola Mundo
Proceso B dice: hola Mundo
Proceso B dice: hola Mundo
Proceso B dice: hola Mundo
Proceso B dice: hola Mundo
Proceso B dice: hola Mundo
Proceso B dice: hola Mundo
Proceso B dice: hola Mundo
picking
Copying 0010D4D4 to 0010D4D4 
Proceso C dice: hola Mundo
Proceso C dice: hola Mundo
Proceso C dice: hola Mundo
Proceso C dice: hola Mundo
Proceso C dice: hola Mundo
Proceso C dice: hola Mundo
Proceso C dice: hola Mundo
Proceso C dice: hola Mundo
Proceso C dice: hola Mundo
Proceso C dice: hola Mundo
Proceso C dice: hola Mundo
Proceso C dice: hola Mundo
Proceso C dice: hola Mundo
Proceso C dice: hola Mundo
Proceso C dice: hola Mundo
Proceso C dice: hola Mundo
Proceso C dice: hola Mundo
Proceso C dice: hola Mundo
Proceso C dice: hola Mundo
Proceso C dice: hola Mundo
Proceso C dice: hola Mundo
Proceso C dice: hola Mundo
Proceso C dice: hola Mundo
Proceso C dice: hola Mundo
Proceso C dice: hola Mundo
Proceso C dice: hola Mundo
Proceso C dice: hola Mundo
Proceso C dice: hola Mundo
Proceso C dice: hola Mundo
Proceso C dice: hola Mundo
Proceso C dice: hola Mundo
Proceso C dice: hola Mundo
Proceso C dice: hola Mundo
Proceso C dice: hola Mundo
Proceso C dice: hola Mundo
Proceso C dice: hola Mundo
Proceso C dice: hola Mundo
Proceso C dice: hola Mundo
Proceso C dice: hola Mundo
Proceso C dice: hola Mundo
Proceso C dice: hola Mundo
picking
Copying 0010F334 to 0010F334 
Proceso A dice: hola Mundo
Proceso A dice: hola Mundo
Proceso A dice: hola Mundo
Proceso A dice: hola Mundo
Proceso A dice: hola Mundo
Proceso A dice: hola Mundo
Proceso A dice: hola Mundo
Proceso A dice: hola Mundo
Proceso A dice: hola Mundo
Proceso A dice: hola Mundo
Proceso A dice: hola Mundo
Proceso A dice: hola Mundo
Proceso A dice: hola Mundo
Proceso A dice: hola Mundo
Proceso A dice: hola Mundo
Proceso A dice: hola Mundo
Proceso A dice: hola Mundo
Proceso A dice: hola Mundo
Proceso A dice: hola Mundo
Proceso A dice: hola Mundo
Proceso A dice: hola Mundo
Proceso A dice: hola Mundo
Proceso A dice: hola Mundo
Proceso A dice: hola Mundo
Proceso A dice: hola Mundo
Proceso A dice: hola Mundo
Proceso A dice: hola Mundo
Proceso A dice: hola Mundo
Proceso A dice: hola Mundo
Proceso A dice: hola Mundo
Proceso A dice: hola Mundo
Proceso A dice: hola Mundo
Proceso A dice: hola Mundo
Proceso A dice: hola Mundo
Proceso A dice: hola Mundo
Proceso A dice: hola Mundo
Proceso A dice: hola Mundo
Proceso A dice: hola Mundo
Proceso A dice: hola Mundo
Proceso A dice: hola Mundo
picking
Copying 0010B674 to 0010B674 
Proceso B dice: hola Mundo
Proceso B dice: hola Mundo
Proceso B dice: hola Mundo
Proceso B dice: hola Mundo
Proceso B dice: hola Mundo
Proceso B dice: hola Mundo
Proceso B dice: hola Mundo
Proceso B dice: hola Mundo
Proceso B dice: hola Mundo
Proceso B dice: hola Mundo
Proceso B dice: hola Mundo
Proceso B dice: hola Mundo
Proceso B dice: hola Mundo
Proceso B dice: hola Mundo
Proceso B dice: hola Mundo
Proceso B dice: hola Mundo
Proceso B dice: hola Mundo
Proceso B dice: hola Mundo
Proceso B dice: hola Mundo
